<?xml version="1.0" encoding="UTF-8"?>
<!-- Generated by org.testng.reporters.JUnitXMLReporter -->
<testsuite ignored="1" hostname="360NDCLP209" failures="0" tests="1" name="Default test" time="25.334" errors="0" timestamp="2023-07-27T15:00:34 IST">
  <testcase classname="com.freeautomationlearning.testscripts.LoginTestScript" name="loginTest" time="5.557"/>
  <testcase classname="com.freeautomationlearning.testscripts.LoginTestScript" name="forgetPassword" time="0.0">
    <ignored/>
  </testcase> <!-- forgetPassword -->
</testsuite> <!-- Default test -->
