<?xml version="1.0" encoding="UTF-8"?>
<!-- Generated by org.testng.reporters.JUnitXMLReporter -->
<testsuite ignored="0" hostname="360NDCLP209" failures="0" tests="3" name="DEV" time="8.024" errors="0" timestamp="2023-05-26T16:02:54 IST">
  <testcase classname="com.freeautomationlearning.api.testscripts.UserDetailsTestScript" name="verifyUserCreate" time="0.583"/>
  <testcase classname="com.freeautomationlearning.api.testscripts.UserDetailsTestScript" name="verifyUserDetails" time="0.168"/>
  <testcase classname="com.freeautomationlearning.api.testscripts.UserDetailsTestScript" name="verifyUsersDetails" time="0.11"/>
</testsuite> <!-- DEV -->
