<?xml version="1.0" encoding="UTF-8"?>
<!-- Generated by org.testng.reporters.JUnitXMLReporter -->
<testsuite ignored="0" hostname="360NDCLP209" failures="0" tests="2" name="Firefox" time="13.881" errors="0" timestamp="2023-05-30T16:57:48 IST">
  <testcase classname="com.freeautomationlearning.testscripts.LoginTestScript" name="loginTest" time="0.0">
    <skipped/>
  </testcase> <!-- loginTest -->
  <testcase classname="com.freeautomationlearning.testscripts.LoginTestScript" name="forgetPassword" time="0.0">
    <skipped/>
  </testcase> <!-- forgetPassword -->
</testsuite> <!-- Firefox -->
