<?xml version="1.0" encoding="UTF-8"?>
<testng-results ignored="1" total="2" passed="1" failed="0" skipped="0">
  <reporter-output>
  </reporter-output>
  <suite started-at="2023-07-27T15:00:09 IST" name="Default suite" finished-at="2023-07-27T15:00:34 IST" duration-ms="25334">
    <groups>
    </groups>
    <test started-at="2023-07-27T15:00:09 IST" name="Default test" finished-at="2023-07-27T15:00:34 IST" duration-ms="25334">
      <class name="com.freeautomationlearning.testscripts.LoginTestScript">
        <test-method is-config="true" signature="openBrowser(java.lang.String)[pri:0, instance:com.freeautomationlearning.testscripts.LoginTestScript@209da20d]" started-at="2023-07-27T15:00:09 IST" name="openBrowser" finished-at="2023-07-27T15:00:27 IST" duration-ms="18788" status="PASS">
          <params>
            <param index="0">
              <value>
                <![CDATA[chrome]]>
              </value>
            </param>
          </params>
          <reporter-output>
          </reporter-output>
        </test-method> <!-- openBrowser -->
        <test-method signature="loginTest()[pri:1, instance:com.freeautomationlearning.testscripts.LoginTestScript@209da20d]" started-at="2023-07-27T15:00:27 IST" name="loginTest" finished-at="2023-07-27T15:00:33 IST" duration-ms="5557" status="PASS">
          <reporter-output>
          </reporter-output>
        </test-method> <!-- loginTest -->
        <test-method is-config="true" signature="closeBrowser()[pri:0, instance:com.freeautomationlearning.testscripts.LoginTestScript@209da20d]" started-at="2023-07-27T15:00:33 IST" name="closeBrowser" finished-at="2023-07-27T15:00:34 IST" duration-ms="945" status="PASS">
          <reporter-output>
          </reporter-output>
        </test-method> <!-- closeBrowser -->
      </class> <!-- com.freeautomationlearning.testscripts.LoginTestScript -->
    </test> <!-- Default test -->
  </suite> <!-- Default suite -->
</testng-results>
